{"C:\\Users\\Reishel\\Documents\\U OCT25-MAR26\\PRUEBAS\\parcial3\\prueba3\\EvaluacionPractica1-reservas\\src\\app.js": {"path":"C:\\Users\\Reishel\\Documents\\U OCT25-MAR26\\PRUEBAS\\parcial3\\prueba3\\EvaluacionPractica1-reservas\\src\\app.js","statementMap":{"0":{"start":{"line":2,"column":0},"end":{"line":2,"column":27}},"1":{"start":{"line":5,"column":16},"end":{"line":5,"column":34}},"2":{"start":{"line":6,"column":17},"end":{"line":6,"column":36}},"3":{"start":{"line":9,"column":12},"end":{"line":9,"column":21}},"4":{"start":{"line":12,"column":0},"end":{"line":12,"column":24}},"5":{"start":{"line":15,"column":0},"end":{"line":17,"column":65}},"6":{"start":{"line":16,"column":14},"end":{"line":16,"column":48}},"7":{"start":{"line":17,"column":16},"end":{"line":17,"column":63}},"8":{"start":{"line":20,"column":0},"end":{"line":20,"column":47}},"9":{"start":{"line":21,"column":0},"end":{"line":21,"column":54}},"10":{"start":{"line":24,"column":0},"end":{"line":26,"column":3}},"11":{"start":{"line":25,"column":2},"end":{"line":25,"column":41}},"12":{"start":{"line":29,"column":0},"end":{"line":29,"column":21}}},"fnMap":{"0":{"name":"(anonymous_0)","decl":{"start":{"line":16,"column":8},"end":{"line":16,"column":9}},"loc":{"start":{"line":16,"column":14},"end":{"line":16,"column":48}},"line":16},"1":{"name":"(anonymous_1)","decl":{"start":{"line":17,"column":9},"end":{"line":17,"column":10}},"loc":{"start":{"line":17,"column":16},"end":{"line":17,"column":63}},"line":17},"2":{"name":"(anonymous_2)","decl":{"start":{"line":24,"column":19},"end":{"line":24,"column":20}},"loc":{"start":{"line":24,"column":33},"end":{"line":26,"column":1}},"line":24}},"branchMap":{},"s":{"0":1,"1":1,"2":1,"3":1,"4":1,"5":1,"6":1,"7":0,"8":1,"9":1,"10":1,"11":0,"12":1},"f":{"0":1,"1":0,"2":0},"b":{},"_coverageSchema":"1a1c01bbd47fc00a2c39e90264f33305004495a9","hash":"5b38021fed1f7fa12d583855163baca9b9cf8a0c"}
,"C:\\Users\\Reishel\\Documents\\U OCT25-MAR26\\PRUEBAS\\parcial3\\prueba3\\EvaluacionPractica1-reservas\\src\\controllers\\authController.js": {"path":"C:\\Users\\Reishel\\Documents\\U OCT25-MAR26\\PRUEBAS\\parcial3\\prueba3\\EvaluacionPractica1-reservas\\src\\controllers\\authController.js","statementMap":{"0":{"start":{"line":1,"column":13},"end":{"line":1,"column":38}},"1":{"start":{"line":2,"column":15},"end":{"line":2,"column":34}},"2":{"start":{"line":3,"column":12},"end":{"line":3,"column":35}},"3":{"start":{"line":6,"column":0},"end":{"line":23,"column":2}},"4":{"start":{"line":7,"column":2},"end":{"line":22,"column":3}},"5":{"start":{"line":8,"column":32},"end":{"line":8,"column":40}},"6":{"start":{"line":11,"column":19},"end":{"line":11,"column":48}},"7":{"start":{"line":12,"column":4},"end":{"line":12,"column":79}},"8":{"start":{"line":12,"column":16},"end":{"line":12,"column":79}},"9":{"start":{"line":15,"column":17},"end":{"line":15,"column":48}},"10":{"start":{"line":16,"column":17},"end":{"line":16,"column":52}},"11":{"start":{"line":17,"column":4},"end":{"line":17,"column":22}},"12":{"start":{"line":19,"column":4},"end":{"line":19,"column":52}},"13":{"start":{"line":21,"column":4},"end":{"line":21,"column":49}},"14":{"start":{"line":26,"column":0},"end":{"line":44,"column":2}},"15":{"start":{"line":27,"column":2},"end":{"line":43,"column":3}},"16":{"start":{"line":28,"column":32},"end":{"line":28,"column":40}},"17":{"start":{"line":31,"column":17},"end":{"line":31,"column":46}},"18":{"start":{"line":32,"column":4},"end":{"line":32,"column":80}},"19":{"start":{"line":32,"column":15},"end":{"line":32,"column":80}},"20":{"start":{"line":35,"column":18},"end":{"line":35,"column":63}},"21":{"start":{"line":36,"column":4},"end":{"line":36,"column":81}},"22":{"start":{"line":36,"column":16},"end":{"line":36,"column":81}},"23":{"start":{"line":39,"column":18},"end":{"line":39,"column":89}},"24":{"start":{"line":40,"column":4},"end":{"line":40,"column":24}},"25":{"start":{"line":42,"column":4},"end":{"line":42,"column":49}}},"fnMap":{"0":{"name":"(anonymous_0)","decl":{"start":{"line":6,"column":19},"end":{"line":6,"column":20}},"loc":{"start":{"line":6,"column":39},"end":{"line":23,"column":1}},"line":6},"1":{"name":"(anonymous_1)","decl":{"start":{"line":26,"column":16},"end":{"line":26,"column":17}},"loc":{"start":{"line":26,"column":36},"end":{"line":44,"column":1}},"line":26}},"branchMap":{"0":{"loc":{"start":{"line":12,"column":4},"end":{"line":12,"column":79}},"type":"if","locations":[{"start":{"line":12,"column":4},"end":{"line":12,"column":79}},{"start":{},"end":{}}],"line":12},"1":{"loc":{"start":{"line":32,"column":4},"end":{"line":32,"column":80}},"type":"if","locations":[{"start":{"line":32,"column":4},"end":{"line":32,"column":80}},{"start":{},"end":{}}],"line":32},"2":{"loc":{"start":{"line":36,"column":4},"end":{"line":36,"column":81}},"type":"if","locations":[{"start":{"line":36,"column":4},"end":{"line":36,"column":81}},{"start":{},"end":{}}],"line":36}},"s":{"0":1,"1":1,"2":1,"3":1,"4":2,"5":2,"6":2,"7":2,"8":1,"9":1,"10":1,"11":1,"12":1,"13":0,"14":1,"15":1,"16":1,"17":1,"18":1,"19":0,"20":1,"21":1,"22":0,"23":1,"24":1,"25":0},"f":{"0":2,"1":1},"b":{"0":[1,1],"1":[0,1],"2":[0,1]},"_coverageSchema":"1a1c01bbd47fc00a2c39e90264f33305004495a9","hash":"037829f3bc8821fd4b3b4727f37ecff9e275da84"}
,"C:\\Users\\Reishel\\Documents\\U OCT25-MAR26\\PRUEBAS\\parcial3\\prueba3\\EvaluacionPractica1-reservas\\src\\controllers\\reservaController.js": {"path":"C:\\Users\\Reishel\\Documents\\U OCT25-MAR26\\PRUEBAS\\parcial3\\prueba3\\EvaluacionPractica1-reservas\\src\\controllers\\reservaController.js","statementMap":{"0":{"start":{"line":1,"column":16},"end":{"line":1,"column":44}},"1":{"start":{"line":4,"column":0},"end":{"line":12,"column":2}},"2":{"start":{"line":5,"column":2},"end":{"line":11,"column":3}},"3":{"start":{"line":6,"column":20},"end":{"line":6,"column":69}},"4":{"start":{"line":7,"column":4},"end":{"line":7,"column":25}},"5":{"start":{"line":8,"column":4},"end":{"line":8,"column":52}},"6":{"start":{"line":10,"column":4},"end":{"line":10,"column":49}}},"fnMap":{"0":{"name":"(anonymous_0)","decl":{"start":{"line":4,"column":23},"end":{"line":4,"column":24}},"loc":{"start":{"line":4,"column":43},"end":{"line":12,"column":1}},"line":4}},"branchMap":{},"s":{"0":1,"1":1,"2":0,"3":0,"4":0,"5":0,"6":0},"f":{"0":0},"b":{},"_coverageSchema":"1a1c01bbd47fc00a2c39e90264f33305004495a9","hash":"1363601cfac4af8dfa0a4e7f21d8972bc80e7cf5"}
,"C:\\Users\\Reishel\\Documents\\U OCT25-MAR26\\PRUEBAS\\parcial3\\prueba3\\EvaluacionPractica1-reservas\\src\\middlewares\\auth.js": {"path":"C:\\Users\\Reishel\\Documents\\U OCT25-MAR26\\PRUEBAS\\parcial3\\prueba3\\EvaluacionPractica1-reservas\\src\\middlewares\\auth.js","statementMap":{"0":{"start":{"line":1,"column":12},"end":{"line":1,"column":35}},"1":{"start":{"line":4,"column":0},"end":{"line":17,"column":2}},"2":{"start":{"line":6,"column":16},"end":{"line":6,"column":67}},"3":{"start":{"line":7,"column":2},"end":{"line":7,"column":72}},"4":{"start":{"line":7,"column":14},"end":{"line":7,"column":72}},"5":{"start":{"line":9,"column":2},"end":{"line":16,"column":3}},"6":{"start":{"line":11,"column":21},"end":{"line":11,"column":62}},"7":{"start":{"line":12,"column":4},"end":{"line":12,"column":24}},"8":{"start":{"line":13,"column":4},"end":{"line":13,"column":11}},"9":{"start":{"line":15,"column":4},"end":{"line":15,"column":54}}},"fnMap":{"0":{"name":"(anonymous_0)","decl":{"start":{"line":4,"column":17},"end":{"line":4,"column":18}},"loc":{"start":{"line":4,"column":37},"end":{"line":17,"column":1}},"line":4}},"branchMap":{"0":{"loc":{"start":{"line":7,"column":2},"end":{"line":7,"column":72}},"type":"if","locations":[{"start":{"line":7,"column":2},"end":{"line":7,"column":72}},{"start":{},"end":{}}],"line":7}},"s":{"0":1,"1":1,"2":0,"3":0,"4":0,"5":0,"6":0,"7":0,"8":0,"9":0},"f":{"0":0},"b":{"0":[0,0]},"_coverageSchema":"1a1c01bbd47fc00a2c39e90264f33305004495a9","hash":"82df03696e0ec096a947f89e1c06a65636e1e8ab"}
,"C:\\Users\\Reishel\\Documents\\U OCT25-MAR26\\PRUEBAS\\parcial3\\prueba3\\EvaluacionPractica1-reservas\\src\\models\\Reserva.js": {"path":"C:\\Users\\Reishel\\Documents\\U OCT25-MAR26\\PRUEBAS\\parcial3\\prueba3\\EvaluacionPractica1-reservas\\src\\models\\Reserva.js","statementMap":{"0":{"start":{"line":1,"column":17},"end":{"line":1,"column":36}},"1":{"start":{"line":4,"column":22},"end":{"line":9,"column":2}},"2":{"start":{"line":12,"column":0},"end":{"line":12,"column":58}}},"fnMap":{},"branchMap":{},"s":{"0":1,"1":1,"2":1},"f":{},"b":{},"_coverageSchema":"1a1c01bbd47fc00a2c39e90264f33305004495a9","hash":"30ccb769ce0261ce3dbbf786c5a6becef4f37446"}
,"C:\\Users\\Reishel\\Documents\\U OCT25-MAR26\\PRUEBAS\\parcial3\\prueba3\\EvaluacionPractica1-reservas\\src\\models\\User.js": {"path":"C:\\Users\\Reishel\\Documents\\U OCT25-MAR26\\PRUEBAS\\parcial3\\prueba3\\EvaluacionPractica1-reservas\\src\\models\\User.js","statementMap":{"0":{"start":{"line":1,"column":17},"end":{"line":1,"column":36}},"1":{"start":{"line":4,"column":19},"end":{"line":7,"column":2}},"2":{"start":{"line":10,"column":0},"end":{"line":10,"column":52}}},"fnMap":{},"branchMap":{},"s":{"0":1,"1":1,"2":1},"f":{},"b":{},"_coverageSchema":"1a1c01bbd47fc00a2c39e90264f33305004495a9","hash":"3acfb3c2a0e507888f1c57d6ae15557af08b89f5"}
,"C:\\Users\\Reishel\\Documents\\U OCT25-MAR26\\PRUEBAS\\parcial3\\prueba3\\EvaluacionPractica1-reservas\\src\\routes\\auth.js": {"path":"C:\\Users\\Reishel\\Documents\\U OCT25-MAR26\\PRUEBAS\\parcial3\\prueba3\\EvaluacionPractica1-reservas\\src\\routes\\auth.js","statementMap":{"0":{"start":{"line":1,"column":16},"end":{"line":1,"column":34}},"1":{"start":{"line":2,"column":15},"end":{"line":2,"column":31}},"2":{"start":{"line":3,"column":28},"end":{"line":3,"column":68}},"3":{"start":{"line":6,"column":0},"end":{"line":6,"column":35}},"4":{"start":{"line":9,"column":0},"end":{"line":9,"column":29}},"5":{"start":{"line":11,"column":0},"end":{"line":11,"column":24}}},"fnMap":{},"branchMap":{},"s":{"0":1,"1":1,"2":1,"3":1,"4":1,"5":1},"f":{},"b":{},"_coverageSchema":"1a1c01bbd47fc00a2c39e90264f33305004495a9","hash":"66b0a5d8a40645c894104e4e723d4a3166b03f16"}
,"C:\\Users\\Reishel\\Documents\\U OCT25-MAR26\\PRUEBAS\\parcial3\\prueba3\\EvaluacionPractica1-reservas\\src\\routes\\reserva.js": {"path":"C:\\Users\\Reishel\\Documents\\U OCT25-MAR26\\PRUEBAS\\parcial3\\prueba3\\EvaluacionPractica1-reservas\\src\\routes\\reserva.js","statementMap":{"0":{"start":{"line":1,"column":16},"end":{"line":1,"column":34}},"1":{"start":{"line":2,"column":15},"end":{"line":2,"column":31}},"2":{"start":{"line":3,"column":13},"end":{"line":3,"column":43}},"3":{"start":{"line":4,"column":25},"end":{"line":4,"column":68}},"4":{"start":{"line":7,"column":0},"end":{"line":9,"column":3}},"5":{"start":{"line":8,"column":2},"end":{"line":8,"column":60}},"6":{"start":{"line":12,"column":0},"end":{"line":12,"column":37}},"7":{"start":{"line":14,"column":0},"end":{"line":14,"column":24}}},"fnMap":{"0":{"name":"(anonymous_0)","decl":{"start":{"line":7,"column":16},"end":{"line":7,"column":17}},"loc":{"start":{"line":7,"column":30},"end":{"line":9,"column":1}},"line":7}},"branchMap":{},"s":{"0":1,"1":1,"2":1,"3":1,"4":1,"5":0,"6":1,"7":1},"f":{"0":0},"b":{},"_coverageSchema":"1a1c01bbd47fc00a2c39e90264f33305004495a9","hash":"38dcaf2690c9a8eeed1cc64ced7d205e8907680f"}
}
